2023-04-27T15:00:59+00:00 DEBUG tt4b_product_sync: missing access token for tt4b_product_sync
2023-04-27T15:01:57+00:00 DEBUG tt4b_product_sync: missing access token for tt4b_product_sync
2023-04-27T15:02:00+00:00 DEBUG tt4b_product_sync: missing access token for tt4b_product_sync
2023-04-27T15:02:31+00:00 DEBUG tt4b_product_sync: missing access token for tt4b_product_sync
2023-04-27T15:03:05+00:00 DEBUG tt4b_product_sync: missing access token for tt4b_product_sync
2023-04-27T15:03:19+00:00 DEBUG tt4b_product_sync: missing access token for tt4b_product_sync
2023-04-27T15:03:38+00:00 DEBUG tt4b_product_sync: missing access token for tt4b_product_sync
2023-04-27T16:02:23+00:00 DEBUG tt4b_product_sync: missing access token for tt4b_product_sync
2023-04-27T16:02:48+00:00 DEBUG tt4b_product_sync: missing access token for tt4b_product_sync
2023-04-27T16:03:03+00:00 DEBUG tt4b_product_sync: missing access token for tt4b_product_sync
2023-04-27T16:03:09+00:00 DEBUG tt4b_product_sync: missing access token for tt4b_product_sync
2023-04-27T16:03:09+00:00 DEBUG tt4b_product_delete: missing access token for tt4b_product_sync
2023-04-27T16:03:32+00:00 DEBUG tt4b_product_sync: missing access token for tt4b_product_sync
2023-04-27T16:03:50+00:00 DEBUG tt4b_product_sync: missing access token for tt4b_product_sync
2023-04-27T16:04:08+00:00 DEBUG tt4b_product_sync: missing access token for tt4b_product_sync
2023-04-27T16:04:24+00:00 DEBUG tt4b_product_sync: missing access token for tt4b_product_sync
2023-04-27T16:04:41+00:00 DEBUG tt4b_product_sync: missing access token for tt4b_product_sync
2023-04-27T16:04:55+00:00 DEBUG tt4b_product_sync: missing access token for tt4b_product_sync
2023-04-27T16:05:21+00:00 DEBUG tt4b_product_sync: missing access token for tt4b_product_sync
2023-04-27T16:05:45+00:00 DEBUG tt4b_product_sync: missing access token for tt4b_product_sync
2023-04-27T16:06:02+00:00 DEBUG tt4b_product_sync: missing access token for tt4b_product_sync
2023-04-27T16:06:20+00:00 DEBUG tt4b_product_sync: missing access token for tt4b_product_sync
2023-04-27T16:06:34+00:00 DEBUG tt4b_product_sync: missing access token for tt4b_product_sync
2023-04-27T16:06:49+00:00 DEBUG tt4b_product_sync: missing access token for tt4b_product_sync
2023-04-27T16:07:44+00:00 DEBUG tt4b_product_sync: missing access token for tt4b_product_sync
2023-04-27T16:08:19+00:00 DEBUG tt4b_product_sync: missing access token for tt4b_product_sync
2023-04-27T16:08:32+00:00 DEBUG tt4b_product_sync: missing access token for tt4b_product_sync
2023-04-27T16:08:51+00:00 DEBUG tt4b_product_sync: missing access token for tt4b_product_sync
2023-04-27T16:09:40+00:00 DEBUG tt4b_product_sync: missing access token for tt4b_product_sync
2023-04-27T16:09:55+00:00 DEBUG tt4b_product_sync: missing access token for tt4b_product_sync
2023-04-27T16:10:08+00:00 DEBUG tt4b_product_sync: missing access token for tt4b_product_sync
2023-04-27T16:10:40+00:00 DEBUG tt4b_product_sync: missing access token for tt4b_product_sync
2023-04-27T16:11:02+00:00 DEBUG tt4b_product_sync: missing access token for tt4b_product_sync
2023-04-27T16:11:15+00:00 DEBUG tt4b_product_sync: missing access token for tt4b_product_sync
2023-04-27T16:11:29+00:00 DEBUG tt4b_product_sync: missing access token for tt4b_product_sync
2023-04-27T16:11:59+00:00 DEBUG tt4b_product_sync: missing access token for tt4b_product_sync
2023-04-27T16:12:16+00:00 DEBUG tt4b_product_sync: missing access token for tt4b_product_sync
2023-04-27T16:12:43+00:00 DEBUG tt4b_product_sync: missing access token for tt4b_product_sync
2023-04-27T16:13:38+00:00 DEBUG tt4b_product_sync: missing access token for tt4b_product_sync
2023-04-27T16:13:57+00:00 DEBUG tt4b_product_sync: missing access token for tt4b_product_sync
2023-04-27T17:38:41+00:00 DEBUG Tt4b_Pixel_Class::inject_view_content_event: hit injectViewContentEvent
2023-04-27T17:38:41+00:00 DEBUG Tt4b_Pixel_Class::inject_view_content_event: Missing option "access_token"
2023-04-27T17:40:56+00:00 DEBUG Tt4b_Pixel_Class::inject_view_content_event: hit injectViewContentEvent
2023-04-27T17:40:56+00:00 DEBUG Tt4b_Pixel_Class::inject_view_content_event: Missing option "access_token"
2023-04-27T18:12:43+00:00 DEBUG Tt4b_Pixel_Class::inject_view_content_event: hit injectViewContentEvent
2023-04-27T18:12:43+00:00 DEBUG Tt4b_Pixel_Class::inject_view_content_event: Missing option "access_token"
2023-04-27T18:45:43+00:00 DEBUG Tt4b_Pixel_Class::inject_view_content_event: hit injectViewContentEvent
2023-04-27T18:45:43+00:00 DEBUG Tt4b_Pixel_Class::inject_view_content_event: Missing option "access_token"
2023-04-27T18:46:21+00:00 DEBUG Tt4b_Pixel_Class::inject_add_to_cart_event: hit injectAddToCartEvent
2023-04-27T18:46:21+00:00 DEBUG Tt4b_Pixel_Class::inject_add_to_cart_event: Missing option "access_token"
2023-04-27T18:46:22+00:00 DEBUG Tt4b_Pixel_Class::inject_view_content_event: hit injectViewContentEvent
2023-04-27T18:46:22+00:00 DEBUG Tt4b_Pixel_Class::inject_view_content_event: Missing option "access_token"
2023-04-27T18:47:46+00:00 DEBUG Tt4b_Pixel_Class::inject_view_content_event: hit injectViewContentEvent
2023-04-27T18:47:46+00:00 DEBUG Tt4b_Pixel_Class::inject_view_content_event: Missing option "access_token"
