2023-04-25T09:42:25+00:00 DEBUG tt4b_product_sync: missing access token for tt4b_product_sync
2023-04-25T09:42:25+00:00 DEBUG tt4b_product_delete: missing access token for tt4b_product_sync
2023-04-25T10:43:26+00:00 DEBUG tt4b_product_sync: missing access token for tt4b_product_sync
2023-04-25T10:46:15+00:00 DEBUG tt4b_product_sync: missing access token for tt4b_product_sync
2023-04-25T10:48:55+00:00 DEBUG tt4b_product_sync: missing access token for tt4b_product_sync
2023-04-25T11:10:44+00:00 DEBUG tt4b_product_sync: missing access token for tt4b_product_sync
2023-04-25T11:13:11+00:00 DEBUG tt4b_product_sync: missing access token for tt4b_product_sync
2023-04-25T11:14:06+00:00 DEBUG tt4b_product_sync: missing access token for tt4b_product_sync
2023-04-25T11:14:09+00:00 DEBUG tt4b_product_sync: missing access token for tt4b_product_sync
2023-04-25T11:24:43+00:00 DEBUG tt4b_product_sync: missing access token for tt4b_product_sync
2023-04-25T11:25:26+00:00 DEBUG tt4b_product_sync: missing access token for tt4b_product_sync
2023-04-25T11:26:41+00:00 DEBUG tt4b_product_sync: missing access token for tt4b_product_sync
2023-04-25T11:27:57+00:00 DEBUG tt4b_product_sync: missing access token for tt4b_product_sync
2023-04-25T11:30:37+00:00 DEBUG Tt4b_Pixel_Class::inject_view_content_event: hit injectViewContentEvent
2023-04-25T11:30:37+00:00 DEBUG Tt4b_Pixel_Class::inject_view_content_event: Missing option "access_token"
2023-04-25T11:31:22+00:00 DEBUG tt4b_product_sync: missing access token for tt4b_product_sync
2023-04-25T11:33:09+00:00 DEBUG tt4b_product_sync: missing access token for tt4b_product_sync
2023-04-25T11:34:40+00:00 DEBUG tt4b_product_sync: missing access token for tt4b_product_sync
2023-04-25T11:36:40+00:00 DEBUG Tt4b_Pixel_Class::inject_view_content_event: hit injectViewContentEvent
2023-04-25T11:36:40+00:00 DEBUG Tt4b_Pixel_Class::inject_view_content_event: Missing option "access_token"
2023-04-25T11:36:55+00:00 DEBUG Tt4b_Pixel_Class::inject_add_to_cart_event: hit injectAddToCartEvent
2023-04-25T11:36:55+00:00 DEBUG Tt4b_Pixel_Class::inject_add_to_cart_event: Missing option "access_token"
2023-04-25T11:36:55+00:00 DEBUG Tt4b_Pixel_Class::inject_view_content_event: hit injectViewContentEvent
2023-04-25T11:36:55+00:00 DEBUG Tt4b_Pixel_Class::inject_view_content_event: Missing option "access_token"
2023-04-25T11:36:57+00:00 DEBUG Tt4b_Pixel_Class::inject_add_to_cart_event: hit injectAddToCartEvent
2023-04-25T11:36:57+00:00 DEBUG Tt4b_Pixel_Class::inject_add_to_cart_event: Missing option "access_token"
2023-04-25T11:36:58+00:00 DEBUG Tt4b_Pixel_Class::inject_view_content_event: hit injectViewContentEvent
2023-04-25T11:36:58+00:00 DEBUG Tt4b_Pixel_Class::inject_view_content_event: Missing option "access_token"
2023-04-25T11:37:29+00:00 DEBUG Tt4b_Pixel_Class::inject_start_checkout: hit injectStartCheckout
2023-04-25T11:37:29+00:00 DEBUG Tt4b_Pixel_Class::inject_start_checkout: Missing option "access_token"
2023-04-25T11:37:30+00:00 DEBUG Tt4b_Pixel_Class::inject_start_checkout: hit injectStartCheckout
2023-04-25T11:37:30+00:00 DEBUG Tt4b_Pixel_Class::inject_start_checkout: Missing option "access_token"
2023-04-25T11:37:30+00:00 DEBUG Tt4b_Pixel_Class::inject_start_checkout: hit injectStartCheckout
2023-04-25T11:37:30+00:00 DEBUG Tt4b_Pixel_Class::inject_start_checkout: Missing option "access_token"
2023-04-25T11:41:56+00:00 DEBUG Tt4b_Pixel_Class::inject_start_checkout: hit injectStartCheckout
2023-04-25T11:41:56+00:00 DEBUG Tt4b_Pixel_Class::inject_start_checkout: Missing option "access_token"
2023-04-25T11:41:56+00:00 DEBUG Tt4b_Pixel_Class::inject_start_checkout: hit injectStartCheckout
2023-04-25T11:41:56+00:00 DEBUG Tt4b_Pixel_Class::inject_start_checkout: Missing option "access_token"
2023-04-25T11:41:56+00:00 DEBUG Tt4b_Pixel_Class::inject_start_checkout: hit injectStartCheckout
2023-04-25T11:41:56+00:00 DEBUG Tt4b_Pixel_Class::inject_start_checkout: Missing option "access_token"
2023-04-25T11:44:39+00:00 DEBUG Tt4b_Pixel_Class::inject_purchase_event: hit injectPurchaseEvent
2023-04-25T11:44:39+00:00 DEBUG Tt4b_Pixel_Class::inject_purchase_event: Missing option "access_token"
2023-04-25T11:44:39+00:00 DEBUG Tt4b_Pixel_Class::inject_purchase_event: hit injectPurchaseEvent
2023-04-25T11:44:39+00:00 DEBUG Tt4b_Pixel_Class::inject_purchase_event: Missing option "access_token"
2023-04-25T11:44:39+00:00 DEBUG Tt4b_Pixel_Class::inject_purchase_event: hit injectPurchaseEvent
2023-04-25T11:44:39+00:00 DEBUG Tt4b_Pixel_Class::inject_purchase_event: Missing option "access_token"
2023-04-25T11:48:07+00:00 DEBUG Tt4b_Pixel_Class::inject_view_content_event: hit injectViewContentEvent
2023-04-25T11:48:07+00:00 DEBUG Tt4b_Pixel_Class::inject_view_content_event: Missing option "access_token"
2023-04-25T11:48:32+00:00 DEBUG Tt4b_Pixel_Class::inject_add_to_cart_event: hit injectAddToCartEvent
2023-04-25T11:48:32+00:00 DEBUG Tt4b_Pixel_Class::inject_add_to_cart_event: Missing option "access_token"
2023-04-25T11:48:33+00:00 DEBUG Tt4b_Pixel_Class::inject_view_content_event: hit injectViewContentEvent
2023-04-25T11:48:33+00:00 DEBUG Tt4b_Pixel_Class::inject_view_content_event: Missing option "access_token"
2023-04-25T11:48:51+00:00 DEBUG Tt4b_Pixel_Class::inject_start_checkout: hit injectStartCheckout
2023-04-25T11:48:51+00:00 DEBUG Tt4b_Pixel_Class::inject_start_checkout: Missing option "access_token"
2023-04-25T11:48:51+00:00 DEBUG Tt4b_Pixel_Class::inject_start_checkout: hit injectStartCheckout
2023-04-25T11:48:51+00:00 DEBUG Tt4b_Pixel_Class::inject_start_checkout: Missing option "access_token"
2023-04-25T11:48:51+00:00 DEBUG Tt4b_Pixel_Class::inject_start_checkout: hit injectStartCheckout
2023-04-25T11:48:51+00:00 DEBUG Tt4b_Pixel_Class::inject_start_checkout: Missing option "access_token"
2023-04-25T11:49:32+00:00 DEBUG Tt4b_Pixel_Class::inject_purchase_event: hit injectPurchaseEvent
2023-04-25T11:49:32+00:00 DEBUG Tt4b_Pixel_Class::inject_purchase_event: Missing option "access_token"
2023-04-25T11:49:32+00:00 DEBUG Tt4b_Pixel_Class::inject_purchase_event: hit injectPurchaseEvent
2023-04-25T11:49:32+00:00 DEBUG Tt4b_Pixel_Class::inject_purchase_event: Missing option "access_token"
2023-04-25T11:49:32+00:00 DEBUG Tt4b_Pixel_Class::inject_purchase_event: hit injectPurchaseEvent
2023-04-25T11:49:32+00:00 DEBUG Tt4b_Pixel_Class::inject_purchase_event: Missing option "access_token"
2023-04-25T11:55:09+00:00 DEBUG Tt4b_Pixel_Class::inject_view_content_event: hit injectViewContentEvent
2023-04-25T11:55:09+00:00 DEBUG Tt4b_Pixel_Class::inject_view_content_event: Missing option "access_token"
2023-04-25T11:55:14+00:00 DEBUG Tt4b_Pixel_Class::inject_add_to_cart_event: hit injectAddToCartEvent
2023-04-25T11:55:14+00:00 DEBUG Tt4b_Pixel_Class::inject_add_to_cart_event: Missing option "access_token"
2023-04-25T11:55:14+00:00 DEBUG Tt4b_Pixel_Class::inject_view_content_event: hit injectViewContentEvent
2023-04-25T11:55:14+00:00 DEBUG Tt4b_Pixel_Class::inject_view_content_event: Missing option "access_token"
2023-04-25T11:55:25+00:00 DEBUG Tt4b_Pixel_Class::inject_start_checkout: hit injectStartCheckout
2023-04-25T11:55:25+00:00 DEBUG Tt4b_Pixel_Class::inject_start_checkout: Missing option "access_token"
2023-04-25T11:55:25+00:00 DEBUG Tt4b_Pixel_Class::inject_start_checkout: hit injectStartCheckout
2023-04-25T11:55:25+00:00 DEBUG Tt4b_Pixel_Class::inject_start_checkout: Missing option "access_token"
2023-04-25T11:55:25+00:00 DEBUG Tt4b_Pixel_Class::inject_start_checkout: hit injectStartCheckout
2023-04-25T11:55:25+00:00 DEBUG Tt4b_Pixel_Class::inject_start_checkout: Missing option "access_token"
2023-04-25T11:56:01+00:00 DEBUG Tt4b_Pixel_Class::inject_purchase_event: hit injectPurchaseEvent
2023-04-25T11:56:01+00:00 DEBUG Tt4b_Pixel_Class::inject_purchase_event: Missing option "access_token"
2023-04-25T11:56:01+00:00 DEBUG Tt4b_Pixel_Class::inject_purchase_event: hit injectPurchaseEvent
2023-04-25T11:56:01+00:00 DEBUG Tt4b_Pixel_Class::inject_purchase_event: Missing option "access_token"
2023-04-25T11:56:01+00:00 DEBUG Tt4b_Pixel_Class::inject_purchase_event: hit injectPurchaseEvent
2023-04-25T11:56:01+00:00 DEBUG Tt4b_Pixel_Class::inject_purchase_event: Missing option "access_token"
2023-04-25T14:33:55+00:00 DEBUG tt4b_product_sync: missing access token for tt4b_product_sync
2023-04-25T14:45:26+00:00 DEBUG tt4b_product_sync: missing access token for tt4b_product_sync
2023-04-25T14:45:55+00:00 DEBUG tt4b_product_sync: missing access token for tt4b_product_sync
2023-04-25T14:53:27+00:00 DEBUG tt4b_product_sync: missing access token for tt4b_product_sync
2023-04-25T14:53:44+00:00 DEBUG tt4b_product_sync: missing access token for tt4b_product_sync
2023-04-25T14:53:50+00:00 DEBUG tt4b_product_sync: missing access token for tt4b_product_sync
2023-04-25T14:54:23+00:00 DEBUG tt4b_product_sync: missing access token for tt4b_product_sync
2023-04-25T14:54:51+00:00 DEBUG tt4b_product_sync: missing access token for tt4b_product_sync
2023-04-25T14:55:01+00:00 DEBUG tt4b_product_sync: missing access token for tt4b_product_sync
2023-04-25T14:56:52+00:00 DEBUG tt4b_product_sync: missing access token for tt4b_product_sync
2023-04-25T14:57:26+00:00 DEBUG tt4b_product_sync: missing access token for tt4b_product_sync
2023-04-25T14:57:29+00:00 DEBUG tt4b_product_sync: missing access token for tt4b_product_sync
2023-04-25T14:57:33+00:00 DEBUG tt4b_product_sync: missing access token for tt4b_product_sync
2023-04-25T14:58:15+00:00 DEBUG tt4b_product_sync: missing access token for tt4b_product_sync
2023-04-25T14:58:49+00:00 DEBUG tt4b_product_sync: missing access token for tt4b_product_sync
2023-04-25T15:43:41+00:00 DEBUG tt4b_product_sync: missing access token for tt4b_product_sync
2023-04-25T15:43:45+00:00 DEBUG tt4b_product_sync: missing access token for tt4b_product_sync
2023-04-25T15:48:53+00:00 DEBUG tt4b_product_sync: missing access token for tt4b_product_sync
2023-04-25T15:49:27+00:00 DEBUG tt4b_product_sync: missing access token for tt4b_product_sync
2023-04-25T15:52:16+00:00 DEBUG tt4b_product_sync: missing access token for tt4b_product_sync
2023-04-25T15:52:31+00:00 DEBUG tt4b_product_sync: missing access token for tt4b_product_sync
2023-04-25T15:52:41+00:00 DEBUG tt4b_product_sync: missing access token for tt4b_product_sync
2023-04-25T15:54:56+00:00 DEBUG tt4b_product_sync: missing access token for tt4b_product_sync
2023-04-25T15:54:59+00:00 DEBUG tt4b_product_sync: missing access token for tt4b_product_sync
2023-04-25T15:55:26+00:00 DEBUG tt4b_product_sync: missing access token for tt4b_product_sync
2023-04-25T15:55:55+00:00 DEBUG tt4b_product_sync: missing access token for tt4b_product_sync
2023-04-25T15:57:47+00:00 DEBUG tt4b_product_sync: missing access token for tt4b_product_sync
2023-04-25T15:58:27+00:00 DEBUG tt4b_product_sync: missing access token for tt4b_product_sync
2023-04-25T15:59:17+00:00 DEBUG tt4b_product_sync: missing access token for tt4b_product_sync
2023-04-25T16:00:06+00:00 DEBUG tt4b_product_sync: missing access token for tt4b_product_sync
2023-04-25T16:00:38+00:00 DEBUG tt4b_product_sync: missing access token for tt4b_product_sync
2023-04-25T16:21:40+00:00 DEBUG tt4b_product_sync: missing access token for tt4b_product_sync
2023-04-25T16:22:32+00:00 DEBUG tt4b_product_sync: missing access token for tt4b_product_sync
2023-04-25T16:24:43+00:00 DEBUG tt4b_product_sync: missing access token for tt4b_product_sync
2023-04-25T16:25:31+00:00 DEBUG tt4b_product_sync: missing access token for tt4b_product_sync
2023-04-25T16:26:29+00:00 DEBUG tt4b_product_sync: missing access token for tt4b_product_sync
2023-04-25T16:26:58+00:00 DEBUG tt4b_product_sync: missing access token for tt4b_product_sync
2023-04-25T16:27:07+00:00 DEBUG tt4b_product_sync: missing access token for tt4b_product_sync
2023-04-25T16:27:09+00:00 DEBUG tt4b_product_sync: missing access token for tt4b_product_sync
2023-04-25T16:27:37+00:00 DEBUG tt4b_product_sync: missing access token for tt4b_product_sync
2023-04-25T16:36:33+00:00 DEBUG tt4b_product_sync: missing access token for tt4b_product_sync
2023-04-25T16:38:01+00:00 DEBUG tt4b_product_sync: missing access token for tt4b_product_sync
2023-04-25T16:39:27+00:00 DEBUG tt4b_product_sync: missing access token for tt4b_product_sync
2023-04-25T16:40:15+00:00 DEBUG tt4b_product_sync: missing access token for tt4b_product_sync
2023-04-25T16:40:52+00:00 DEBUG tt4b_product_sync: missing access token for tt4b_product_sync
2023-04-25T16:42:21+00:00 DEBUG tt4b_product_sync: missing access token for tt4b_product_sync
2023-04-25T16:44:15+00:00 DEBUG tt4b_product_sync: missing access token for tt4b_product_sync
2023-04-25T16:46:01+00:00 DEBUG tt4b_product_sync: missing access token for tt4b_product_sync
2023-04-25T16:51:08+00:00 DEBUG tt4b_product_sync: missing access token for tt4b_product_sync
2023-04-25T16:52:54+00:00 DEBUG tt4b_product_sync: missing access token for tt4b_product_sync
2023-04-25T16:55:01+00:00 DEBUG tt4b_product_sync: missing access token for tt4b_product_sync
2023-04-25T16:55:34+00:00 DEBUG tt4b_product_sync: missing access token for tt4b_product_sync
2023-04-25T16:56:27+00:00 DEBUG tt4b_product_sync: missing access token for tt4b_product_sync
2023-04-25T16:57:02+00:00 DEBUG tt4b_product_sync: missing access token for tt4b_product_sync
2023-04-25T16:59:32+00:00 DEBUG tt4b_product_sync: missing access token for tt4b_product_sync
2023-04-25T17:00:29+00:00 DEBUG tt4b_product_sync: missing access token for tt4b_product_sync
2023-04-25T17:01:04+00:00 DEBUG tt4b_product_sync: missing access token for tt4b_product_sync
2023-04-25T17:01:41+00:00 DEBUG tt4b_product_sync: missing access token for tt4b_product_sync
2023-04-25T17:02:38+00:00 DEBUG tt4b_product_sync: missing access token for tt4b_product_sync
2023-04-25T17:03:13+00:00 DEBUG tt4b_product_sync: missing access token for tt4b_product_sync
2023-04-25T17:32:53+00:00 DEBUG tt4b_product_sync: missing access token for tt4b_product_sync
2023-04-25T17:35:48+00:00 DEBUG tt4b_product_sync: missing access token for tt4b_product_sync
2023-04-25T17:38:09+00:00 DEBUG tt4b_product_sync: missing access token for tt4b_product_sync
2023-04-25T17:38:51+00:00 DEBUG tt4b_product_sync: missing access token for tt4b_product_sync
2023-04-25T17:39:24+00:00 DEBUG tt4b_product_sync: missing access token for tt4b_product_sync
2023-04-25T17:40:05+00:00 DEBUG tt4b_product_sync: missing access token for tt4b_product_sync
2023-04-25T17:40:40+00:00 DEBUG tt4b_product_sync: missing access token for tt4b_product_sync
2023-04-25T17:42:11+00:00 DEBUG tt4b_product_sync: missing access token for tt4b_product_sync
2023-04-25T17:42:37+00:00 DEBUG tt4b_product_sync: missing access token for tt4b_product_sync
2023-04-25T18:05:14+00:00 DEBUG tt4b_product_sync: missing access token for tt4b_product_sync
2023-04-25T18:06:32+00:00 DEBUG tt4b_product_sync: missing access token for tt4b_product_sync
2023-04-25T18:08:30+00:00 DEBUG tt4b_product_sync: missing access token for tt4b_product_sync
2023-04-25T18:08:49+00:00 DEBUG tt4b_product_sync: missing access token for tt4b_product_sync
2023-04-25T18:09:00+00:00 DEBUG tt4b_product_sync: missing access token for tt4b_product_sync
2023-04-25T18:10:43+00:00 DEBUG tt4b_product_sync: missing access token for tt4b_product_sync
2023-04-25T18:11:09+00:00 DEBUG tt4b_product_sync: missing access token for tt4b_product_sync
2023-04-25T18:12:46+00:00 DEBUG tt4b_product_sync: missing access token for tt4b_product_sync
2023-04-25T18:15:16+00:00 DEBUG tt4b_product_sync: missing access token for tt4b_product_sync
2023-04-25T18:16:07+00:00 DEBUG tt4b_product_sync: missing access token for tt4b_product_sync
2023-04-25T18:16:46+00:00 DEBUG tt4b_product_sync: missing access token for tt4b_product_sync
2023-04-25T18:17:19+00:00 DEBUG tt4b_product_sync: missing access token for tt4b_product_sync
2023-04-25T18:19:28+00:00 DEBUG tt4b_product_sync: missing access token for tt4b_product_sync
2023-04-25T18:20:54+00:00 DEBUG tt4b_product_sync: missing access token for tt4b_product_sync
2023-04-25T18:22:40+00:00 DEBUG tt4b_product_sync: missing access token for tt4b_product_sync
2023-04-25T18:23:12+00:00 DEBUG tt4b_product_sync: missing access token for tt4b_product_sync
2023-04-25T18:26:04+00:00 DEBUG tt4b_product_sync: missing access token for tt4b_product_sync
2023-04-25T18:27:28+00:00 DEBUG tt4b_product_sync: missing access token for tt4b_product_sync
2023-04-25T18:27:48+00:00 DEBUG tt4b_product_sync: missing access token for tt4b_product_sync
2023-04-25T18:28:02+00:00 DEBUG tt4b_product_sync: missing access token for tt4b_product_sync
2023-04-25T18:28:46+00:00 DEBUG tt4b_product_sync: missing access token for tt4b_product_sync
2023-04-25T18:29:34+00:00 DEBUG tt4b_product_sync: missing access token for tt4b_product_sync
2023-04-25T18:30:07+00:00 DEBUG tt4b_product_sync: missing access token for tt4b_product_sync
2023-04-25T18:30:35+00:00 DEBUG tt4b_product_sync: missing access token for tt4b_product_sync
2023-04-25T18:31:21+00:00 DEBUG tt4b_product_sync: missing access token for tt4b_product_sync
2023-04-25T18:32:02+00:00 DEBUG tt4b_product_sync: missing access token for tt4b_product_sync
2023-04-25T18:34:16+00:00 DEBUG tt4b_product_sync: missing access token for tt4b_product_sync
2023-04-25T18:34:43+00:00 DEBUG tt4b_product_sync: missing access token for tt4b_product_sync
2023-04-25T18:35:02+00:00 DEBUG tt4b_product_sync: missing access token for tt4b_product_sync
2023-04-25T18:35:05+00:00 DEBUG tt4b_product_sync: missing access token for tt4b_product_sync
2023-04-25T18:35:40+00:00 DEBUG tt4b_product_sync: missing access token for tt4b_product_sync
2023-04-25T18:36:07+00:00 DEBUG tt4b_product_sync: missing access token for tt4b_product_sync
2023-04-25T18:39:50+00:00 DEBUG tt4b_product_sync: missing access token for tt4b_product_sync
2023-04-25T18:46:45+00:00 DEBUG tt4b_product_sync: missing access token for tt4b_product_sync
